<?xml version="1.0" encoding="UTF-8" ?>
<testsuite errors="0" failures="0" hostname="CT1217D0028302" name="test.ValoresTest" skipped="0" tests="5" time="0.047" timestamp="2019-06-01T14:11:45">
  <properties>
    <property name="java.vendor" value="Oracle Corporation" />
    <property name="sun.java.launcher" value="SUN_STANDARD" />
    <property name="eclipse.pdebuild.templates" value="C:\Users\aluno\eclipse\jee-2018-12\eclipse\..\..\..\.p2\pool\plugins\org.eclipse.pde.build_3.10.200.v20181008-0641\templates" />
    <property name="sun.management.compiler" value="HotSpot 64-Bit Tiered Compilers" />
    <property name="os.name" value="Windows 10" />
    <property name="sun.boot.class.path" value="C:\Program Files\Java\jdk1.8.0_191\jre\lib\resources.jar;C:\Program Files\Java\jdk1.8.0_191\jre\lib\rt.jar;C:\Program Files\Java\jdk1.8.0_191\jre\lib\sunrsasign.jar;C:\Program Files\Java\jdk1.8.0_191\jre\lib\jsse.jar;C:\Program Files\Java\jdk1.8.0_191\jre\lib\jce.jar;C:\Program Files\Java\jdk1.8.0_191\jre\lib\charsets.jar;C:\Program Files\Java\jdk1.8.0_191\jre\lib\jfr.jar;C:\Program Files\Java\jdk1.8.0_191\jre\classes" />
    <property name="sun.desktop" value="windows" />
    <property name="java.vm.specification.vendor" value="Oracle Corporation" />
    <property name="ant.home" value="C:\Users\aluno\.p2\pool\plugins\org.apache.ant_1.10.5.v20180808-0324" />
    <property name="java.runtime.version" value="1.8.0_191-b12" />
    <property name="user.name" value="aluno" />
    <property name="build.dir" value="C:\Users\aluno\eclipse-workspace\JunitTest-01\bin" />
    <property name="user.language" value="pt" />
    <property name="sun.boot.library.path" value="C:\Program Files\Java\jdk1.8.0_191\jre\bin" />
    <property name="ant.project.default-target" value="main" />
    <property name="doc.dir" value="C:\Users\aluno\eclipse-workspace\JunitTest-01\doc" />
    <property name="ant.project.name" value="jUnitProject" />
    <property name="java.version" value="1.8.0_191" />
    <property name="user.timezone" value="" />
    <property name="sun.arch.data.model" value="64" />
    <property name="ant.file.jUnitProject" value="C:\Users\aluno\eclipse-workspace\JunitTest-01\build3.xml" />
    <property name="java.endorsed.dirs" value="C:\Program Files\Java\jdk1.8.0_191\jre\lib\endorsed" />
    <property name="ant.file.type.jUnitProject" value="file" />
    <property name="sun.cpu.isalist" value="amd64" />
    <property name="sun.jnu.encoding" value="Cp1252" />
    <property name="file.encoding.pkg" value="sun.io" />
    <property name="file.separator" value="\" />
    <property name="java.specification.name" value="Java Platform API Specification" />
    <property name="java.class.version" value="52.0" />
    <property name="user.country" value="BR" />
    <property name="java.home" value="C:\Program Files\Java\jdk1.8.0_191\jre" />
    <property name="java.vm.info" value="mixed mode" />
    <property name="ant.file" value="C:\Users\aluno\eclipse-workspace\JunitTest-01\build3.xml" />
    <property name="os.version" value="10.0" />
    <property name="path.separator" value=";" />
    <property name="java.vm.version" value="25.191-b12" />
    <property name="user.variant" value="" />
    <property name="ant.library.dir" value="C:\Users\aluno\.p2\pool\plugins\org.apache.ant_1.10.5.v20180808-0324\lib" />
    <property name="java.awt.printerjob" value="sun.awt.windows.WPrinterJob" />
    <property name="sun.io.unicode.encoding" value="UnicodeLittle" />
    <property name="awt.toolkit" value="sun.awt.windows.WToolkit" />
    <property name="user.script" value="" />
    <property name="eclipse.pdebuild.scripts" value="C:\Users\aluno\eclipse\jee-2018-12\eclipse\..\..\..\.p2\pool\plugins\org.eclipse.pde.build_3.10.200.v20181008-0641\scripts" />
    <property name="user.home" value="C:\Users\aluno" />
    <property name="java.specification.vendor" value="Oracle Corporation" />
    <property name="java.library.path" value="C:\Program Files\Java\jdk1.8.0_191\jre\bin;C:\windows\Sun\Java\bin;C:\windows\system32;C:\windows;C:/Program Files/Java/jre1.8.0_211/bin/server;C:/Program Files/Java/jre1.8.0_211/bin;C:/Program Files/Java/jre1.8.0_211/lib/amd64;C:\Program Files (x86)\Common Files\Oracle\Java\javapath;C:\ProgramData\DockerDesktop\version-bin;C:\Program Files\Docker\Docker\Resources\bin;C:\mongodb\bin;C:\windows\system32;C:\windows;C:\windows\System32\Wbem;C:\windows\System32\WindowsPowerShell\v1.0\;C:\windows\System32\OpenSSH\;C:\Program Files\Java\jdk1.8.0_191\bin;C:\FPC\3.0.4\bin\i386-Win32;C:\Python37;C:\Program Files\TortoiseSVN\bin;C:\Program Files\VisualSVN Server\bin;C:\Program Files\Git\cmd;C:\Program Files\nodejs\;C:\Program Files\Microsoft SQL Server\110\DTS\Binn\;C:\Program Files (x86)\Microsoft SQL Server\110\Tools\Binn\;C:\Program Files\Microsoft SQL Server\110\Tools\Binn\;C:\Program Files (x86)\Microsoft SQL Server\110\Tools\Binn\ManagementStudio\;C:\Program Files (x86)\Microsoft Visual Studio 10.0\Common7\IDE\PrivateAssemblies\;C:\Program Files (x86)\Microsoft SQL Server\110\DTS\Binn\;C:\ProgramData\chocolatey\bin;C:\Users\eqs\AppData\Local\Android\Sdk\emulator;C:\Users\eqs\AppData\Local\Android\Sdk\tools;C:\Users\eqs\AppData\Local\Android\Sdk\tools\bin;C:\Users\eqs\AppData\Local\Android\Sdk\platform-tools;c:\Users\eqs\AppData\Roaming\npm;C:\apache-maven-3.6.1\bin;C:\Users\aluno\AppData\Local\Microsoft\WindowsApps;C:\Users\aluno\AppData\Local\Programs\Microsoft VS Code\bin;C:\Users\aluno\Desktop;;." />
    <property name="java.vendor.url" value="http://java.oracle.com/" />
    <property name="java.vm.vendor" value="Oracle Corporation" />
    <property name="java.runtime.name" value="Java(TM) SE Runtime Environment" />
    <property name="sun.java.command" value="org.apache.tools.ant.taskdefs.optional.junit.JUnitTestRunner test.ValoresTest skipNonTests=false filtertrace=true haltOnError=false haltOnFailure=false formatter=org.apache.tools.ant.taskdefs.optional.junit.SummaryJUnitResultFormatter showoutput=false outputtoformatters=true logfailedtests=true threadid=0 logtestlistenerevents=false formatter=org.apache.tools.ant.taskdefs.optional.junit.PlainJUnitResultFormatter,C:\Users\aluno\eclipse-workspace\JunitTest-01\testreport\TEST-test.ValoresTest.txt formatter=org.apache.tools.ant.taskdefs.optional.junit.XMLJUnitResultFormatter,C:\Users\aluno\eclipse-workspace\JunitTest-01\testreport\TEST-test.ValoresTest.xml crashfile=C:\Users\aluno\eclipse-workspace\JunitTest-01\junitvmwatcher407581455566713480.properties propsfile=C:\Users\aluno\eclipse-workspace\JunitTest-01\junit8047865320500955755.properties" />
    <property name="java.class.path" value="C:\Users\aluno\eclipse-workspace\JunitTest-01\bin;C:\Program Files\Java\jdk1.8.0_211\lib\tools.jar;C:\Users\aluno\eclipse-workspace\JunitTest-01\Libs\junit-4.13-beta-3.jar;C:\Users\aluno\.p2\pool\plugins\org.apache.ant_1.10.5.v20180808-0324\lib\ant-launcher.jar;C:\Users\aluno\.p2\pool\plugins\org.apache.ant_1.10.5.v20180808-0324\lib\ant.jar;C:\Users\aluno\.p2\pool\plugins\org.apache.ant_1.10.5.v20180808-0324\lib\ant-junit.jar;C:\Users\aluno\.p2\pool\plugins\org.apache.ant_1.10.5.v20180808-0324\lib\ant-junit4.jar" />
    <property name="ant.version" value="Apache Ant(TM) version 1.10.5 compiled on July 10 2018" />
    <property name="java.vm.specification.name" value="Java Virtual Machine Specification" />
    <property name="java.vm.specification.version" value="1.8" />
    <property name="sun.cpu.endian" value="little" />
    <property name="sun.os.patch.level" value="" />
    <property name="eclipse.pdebuild.home" value="C:\Users\aluno\eclipse\jee-2018-12\eclipse\..\..\..\.p2\pool\plugins\org.eclipse.pde.build_3.10.200.v20181008-0641\." />
    <property name="java.io.tmpdir" value="C:\Users\aluno\AppData\Local\Temp\" />
    <property name="java.vendor.url.bug" value="http://bugreport.sun.com/bugreport/" />
    <property name="os.arch" value="amd64" />
    <property name="java.awt.graphicsenv" value="sun.awt.Win32GraphicsEnvironment" />
    <property name="java.ext.dirs" value="C:\Program Files\Java\jdk1.8.0_191\jre\lib\ext;C:\windows\Sun\Java\lib\ext" />
    <property name="user.dir" value="C:\Users\aluno\eclipse-workspace\JunitTest-01" />
    <property name="line.separator" value="&#xd;&#xa;" />
    <property name="java.vm.name" value="Java HotSpot(TM) 64-Bit Server VM" />
    <property name="basedir" value="C:\Users\aluno\eclipse-workspace\JunitTest-01" />
    <property name="ant.java.version" value="1.8" />
    <property name="ant.core.lib" value="C:\Users\aluno\.p2\pool\plugins\org.apache.ant_1.10.5.v20180808-0324\lib\ant.jar" />
    <property name="file.encoding" value="Cp1252" />
    <property name="source.dir" value="C:\Users\aluno\eclipse-workspace\JunitTest-01\src" />
    <property name="java.specification.version" value="1.8" />
    <property name="ant.project.invoked-targets" value="main" />
  </properties>
  <testcase classname="test.ValoresTest" name="testDel" time="0.016" />
  <testcase classname="test.ValoresTest" name="testIns" time="0.0" />
  <testcase classname="test.ValoresTest" name="testMean" time="0.0" />
  <testcase classname="test.ValoresTest" name="testSize" time="0.0" />
  <testcase classname="test.ValoresTest" name="testGreater" time="0.0" />
  <system-out><![CDATA[]]></system-out>
  <system-err><![CDATA[]]></system-err>
</testsuite>
